[27/10/2019 06:56:20.085] Namenode heartbeat monitor created
[27/10/2019 06:56:20.085] Started NodeKiller
[27/10/2019 06:56:24.558] Namenode has detected a failure in Datanode #12
[27/10/2019 06:56:24.558] Namenode has scheduled to repair block #2
[27/10/2019 06:56:27.615] Datanode #162 has received a block #2
[27/10/2019 06:56:30.132] Datanode #162 has received a block #2
[27/10/2019 06:56:31.641] Datanode #162 has received a block #2
[27/10/2019 06:56:32.615] Namenode has detected a failure in Datanode #11
[27/10/2019 06:56:32.615] Namenode has scheduled to repair block #2
[27/10/2019 06:56:34.155] Datanode #162 has received a block #2
[27/10/2019 06:56:35.667] Datanode #162 has received a block #2
[27/10/2019 06:56:38.184] Datanode #162 has received a block #2
[27/10/2019 06:56:39.688] Datanode #162 has received a block #2
[27/10/2019 06:56:40.685] Namenode has detected a failure in Datanode #9
[27/10/2019 06:56:40.685] Namenode has scheduled to repair block #1
[27/10/2019 06:56:40.686] Namenode has detected a failure in Datanode #43
[27/10/2019 06:56:40.686] Namenode has scheduled to repair block #8
[27/10/2019 06:56:42.203] Datanode #162 has received a block #2
[27/10/2019 06:56:42.700] Namenode has detected a failure in Datanode #176
[27/10/2019 06:56:43.715] Datanode #33 has received a block #1
[27/10/2019 06:56:43.716] Datanode #162 has received a block #2
[27/10/2019 06:56:43.717] Datanode #119 has received a block #8
[27/10/2019 06:56:46.227] Datanode #162 has received a block #2
[27/10/2019 06:56:46.227] Datanode #119 has received a block #8
[27/10/2019 06:56:46.734] Namenode has detected a failure in Datanode #6
[27/10/2019 06:56:46.735] Namenode has scheduled to repair block #1
[27/10/2019 06:56:46.735] Namenode has detected a failure in Datanode #13
[27/10/2019 06:56:46.735] Namenode has scheduled to repair block #2
[27/10/2019 06:56:47.735] Datanode #162 has received a block #2
[27/10/2019 06:56:47.736] Datanode #119 has received a block #8
[27/10/2019 06:56:50.250] Datanode #162 has received a block #2
[27/10/2019 06:56:50.251] Datanode #119 has received a block #8
[27/10/2019 06:56:50.251] Datanode #182 has received a block #1
[27/10/2019 06:56:51.762] Datanode #182 has received a block #1
[27/10/2019 06:56:51.762] Datanode #119 has received a block #8
[27/10/2019 06:56:51.763] Datanode #162 has received a block #2
[27/10/2019 06:56:54.280] Datanode #162 has received a block #2
[27/10/2019 06:56:54.281] Datanode #119 has received a block #8
[27/10/2019 06:56:55.793] Datanode #162 has received a block #2
[27/10/2019 06:56:55.794] Datanode #119 has received a block #8
[27/10/2019 06:56:56.824] Namenode has detected a failure in Datanode #7
[27/10/2019 06:56:56.824] Namenode has scheduled to repair block #1
[27/10/2019 06:56:58.307] Datanode #162 has received a block #2
[27/10/2019 06:56:58.307] Datanode #119 has received a block #8
[27/10/2019 06:56:59.820] Datanode #119 has received a block #8
[27/10/2019 06:56:59.821] Datanode #162 has received a block #2
[27/10/2019 06:57:02.341] Datanode #119 has received a block #8
[27/10/2019 06:57:02.342] Datanode #162 has received a block #2
[27/10/2019 06:57:03.855] Datanode #119 has received a block #8
[27/10/2019 06:57:03.855] Datanode #162 has received a block #2
[27/10/2019 06:57:06.377] Datanode #162 has received a block #2
[27/10/2019 06:57:06.378] Datanode #119 has received a block #8
[27/10/2019 06:57:07.886] Datanode #119 has received a block #8
[27/10/2019 06:57:07.887] Datanode #162 has received a block #2
[27/10/2019 06:57:10.401] Datanode #162 has received a block #2
[27/10/2019 06:57:10.402] Datanode #119 has received a block #8
[27/10/2019 06:57:11.908] Datanode #119 has received a block #8
[27/10/2019 06:57:11.909] Datanode #162 has received a block #2
[27/10/2019 06:57:14.426] Datanode #162 has received a block #2
[27/10/2019 06:57:14.426] Datanode #119 has received a block #8
[27/10/2019 06:57:15.935] Datanode #119 has received a block #8
[27/10/2019 06:57:15.936] Datanode #162 has received a block #2
[27/10/2019 06:57:18.453] Datanode #119 has received a block #8
[27/10/2019 06:57:18.454] Datanode #162 has received a block #2
[27/10/2019 06:57:19.963] Datanode #119 has received a block #8
[27/10/2019 06:57:19.963] Datanode #162 has received a block #2
[27/10/2019 06:57:22.484] Datanode #162 has received a block #2
[27/10/2019 06:57:22.484] Datanode #119 has received a block #8
[27/10/2019 06:57:23.995] Datanode #119 has received a block #8
[27/10/2019 06:57:23.995] Datanode #162 has received a block #2
[27/10/2019 06:57:26.511] Datanode #119 has received a block #8
[27/10/2019 06:57:26.512] Datanode #162 has received a block #2
[27/10/2019 06:57:28.019] Datanode #162 has received a block #2
[27/10/2019 06:57:28.019] Datanode #119 has received a block #8
[27/10/2019 06:57:30.529] Datanode #119 has received a block #8
[27/10/2019 06:57:30.530] Datanode #162 has received a block #2
[27/10/2019 06:57:32.039] Datanode #162 has received a block #2
[27/10/2019 06:57:32.039] Datanode #119 has received a block #8
[27/10/2019 06:57:34.557] Datanode #119 has received a block #8
[27/10/2019 06:57:34.558] Datanode #162 has received a block #2
[27/10/2019 06:57:36.070] Datanode #119 has received a block #8
[27/10/2019 06:57:36.070] Datanode #162 has received a block #2
[27/10/2019 06:57:38.581] Datanode #162 has received a block #2
[27/10/2019 06:57:38.581] Datanode #119 has received a block #8
[27/10/2019 06:57:40.087] Datanode #162 has received a block #2
[27/10/2019 06:57:40.088] Datanode #119 has received a block #8
[27/10/2019 06:57:42.601] Datanode #162 has received a block #2
[27/10/2019 06:57:42.602] Datanode #119 has received a block #8
[27/10/2019 06:57:44.116] Datanode #119 has received a block #8
[27/10/2019 06:57:44.116] Datanode #162 has received a block #2
[27/10/2019 06:57:46.638] Datanode #162 has received a block #2
[27/10/2019 06:57:46.639] Datanode #119 has received a block #8
[27/10/2019 06:57:48.145] Datanode #162 has received a block #2
[27/10/2019 06:57:48.146] Datanode #119 has received a block #8
[27/10/2019 06:57:50.655] Datanode #162 has received a block #2
[27/10/2019 06:57:50.656] Datanode #119 has received a block #8
[27/10/2019 06:57:52.165] Datanode #119 has received a block #8
[27/10/2019 06:57:52.166] Datanode #162 has received a block #2
[27/10/2019 06:57:54.686] Datanode #162 has received a block #2
[27/10/2019 06:57:54.686] Datanode #119 has received a block #8
[27/10/2019 06:57:56.195] Datanode #162 has received a block #2
[27/10/2019 06:57:56.195] Datanode #119 has received a block #8
[27/10/2019 06:57:58.720] Datanode #119 has received a block #8
[27/10/2019 06:57:58.720] Datanode #162 has received a block #2
[27/10/2019 06:58:00.233] Datanode #119 has received a block #8
[27/10/2019 06:58:00.234] Datanode #162 has received a block #2
[27/10/2019 06:58:02.755] Datanode #162 has received a block #2
[27/10/2019 06:58:02.755] Datanode #119 has received a block #8
[27/10/2019 06:58:04.265] Datanode #162 has received a block #2
[27/10/2019 06:58:04.266] Datanode #119 has received a block #8
[27/10/2019 06:58:06.784] Datanode #119 has received a block #8
[27/10/2019 06:58:06.784] Datanode #162 has received a block #2
[27/10/2019 06:58:08.293] Datanode #162 has received a block #2
[27/10/2019 06:58:08.294] Datanode #119 has received a block #8
[27/10/2019 06:58:10.814] Datanode #162 has received a block #2
[27/10/2019 06:58:10.814] Datanode #119 has received a block #8
[27/10/2019 06:58:12.321] Datanode #119 has received a block #8
[27/10/2019 06:58:12.321] Datanode #162 has received a block #2
[27/10/2019 06:58:14.841] Datanode #162 has received a block #2
[27/10/2019 06:58:14.842] Datanode #119 has received a block #8
[27/10/2019 06:58:16.350] Datanode #162 has received a block #2
[27/10/2019 06:58:16.351] Datanode #119 has received a block #8
[27/10/2019 06:58:18.864] Datanode #162 has received a block #2
[27/10/2019 06:58:18.865] Datanode #119 has received a block #8
[27/10/2019 06:58:20.878] Datanode #119 has received a block #8
[27/10/2019 06:58:20.878] Datanode #162 has received a block #2
[27/10/2019 06:58:22.383] Datanode #162 has received a block #2
[27/10/2019 06:58:22.384] Datanode #119 has received a block #8
[27/10/2019 06:58:24.903] Datanode #119 has received a block #8
[27/10/2019 06:58:24.904] Datanode #162 has received a block #2
[27/10/2019 06:58:26.414] Datanode #119 has received a block #8
[27/10/2019 06:58:26.415] Datanode #162 has received a block #2
[27/10/2019 06:58:28.936] Datanode #119 has received a block #8
[27/10/2019 06:58:28.936] Datanode #162 has received a block #2
[27/10/2019 06:58:30.448] Datanode #119 has received a block #8
[27/10/2019 06:58:30.448] Datanode #162 has received a block #2
[27/10/2019 06:58:32.967] Datanode #119 has received a block #8
[27/10/2019 06:58:32.968] Datanode #162 has received a block #2
[27/10/2019 06:58:34.481] Datanode #162 has received a block #2
[27/10/2019 06:58:34.481] Datanode #119 has received a block #8
[27/10/2019 06:58:36.995] Datanode #162 has received a block #2
[27/10/2019 06:58:36.996] Datanode #119 has received a block #8
[27/10/2019 06:58:38.508] Datanode #119 has received a block #8
[27/10/2019 06:58:38.509] Datanode #162 has received a block #2
[27/10/2019 06:58:41.024] Datanode #119 has received a block #8
[27/10/2019 06:58:41.024] Datanode #162 has received a block #2
[27/10/2019 06:58:42.537] Datanode #119 has received a block #8
[27/10/2019 06:58:42.538] Datanode #162 has received a block #2
[27/10/2019 06:58:45.051] Datanode #162 has received a block #2
[27/10/2019 06:58:45.052] Datanode #119 has received a block #8
[27/10/2019 06:58:46.564] Datanode #119 has received a block #8
[27/10/2019 06:58:46.564] Datanode #162 has received a block #2
[27/10/2019 06:58:49.083] Datanode #162 has received a block #2
[27/10/2019 06:58:49.084] Datanode #119 has received a block #8
[27/10/2019 06:58:50.596] Datanode #162 has received a block #2
[27/10/2019 06:58:50.597] Datanode #119 has received a block #8
[27/10/2019 06:58:53.118] Datanode #119 has received a block #8
[27/10/2019 06:58:53.118] Datanode #162 has received a block #2
[27/10/2019 06:58:54.632] Datanode #162 has received a block #2
[27/10/2019 06:58:54.632] Datanode #119 has received a block #8
[27/10/2019 06:58:57.153] Datanode #162 has received a block #2
[27/10/2019 06:58:57.154] Datanode #119 has received a block #8
[27/10/2019 06:58:58.663] Datanode #162 has received a block #2
[27/10/2019 06:58:58.664] Datanode #119 has received a block #8
[27/10/2019 06:59:01.179] Datanode #162 has received a block #2
[27/10/2019 06:59:01.180] Datanode #119 has received a block #8
[27/10/2019 06:59:02.689] Datanode #119 has received a block #8
[27/10/2019 06:59:02.690] Datanode #162 has received a block #2
[27/10/2019 06:59:05.205] Datanode #162 has received a block #2
[27/10/2019 06:59:05.206] Datanode #119 has received a block #8
[27/10/2019 06:59:06.715] Datanode #162 has received a block #2
[27/10/2019 06:59:06.716] Datanode #119 has received a block #8
[27/10/2019 06:59:09.227] Datanode #119 has received a block #8
[27/10/2019 06:59:09.228] Datanode #162 has received a block #2
[27/10/2019 06:59:10.739] Datanode #162 has received a block #2
[27/10/2019 06:59:10.739] Datanode #119 has received a block #8
[27/10/2019 06:59:13.259] Datanode #119 has received a block #8
[27/10/2019 06:59:13.259] Datanode #162 has received a block #2
[27/10/2019 06:59:14.764] Datanode #119 has received a block #8
[27/10/2019 06:59:14.765] Datanode #162 has received a block #2
[27/10/2019 06:59:17.282] Datanode #162 has received a block #2
[27/10/2019 06:59:17.283] Datanode #119 has received a block #8
[27/10/2019 06:59:18.794] Datanode #119 has received a block #8
[27/10/2019 06:59:18.795] Datanode #162 has received a block #2
[27/10/2019 06:59:21.309] Datanode #162 has received a block #2
[27/10/2019 06:59:21.310] Datanode #119 has received a block #8
[27/10/2019 06:59:22.822] Datanode #119 has received a block #8
[27/10/2019 06:59:22.822] Datanode #162 has received a block #2
[27/10/2019 06:59:25.342] Datanode #162 has received a block #2
[27/10/2019 06:59:25.343] Datanode #119 has received a block #8
[27/10/2019 06:59:26.856] Datanode #119 has received a block #8
[27/10/2019 06:59:26.857] Datanode #162 has received a block #2
[27/10/2019 06:59:29.373] Datanode #119 has received a block #8
[27/10/2019 06:59:29.374] Datanode #162 has received a block #2
[27/10/2019 06:59:30.883] Datanode #119 has received a block #8
[27/10/2019 06:59:30.884] Datanode #162 has received a block #2
[27/10/2019 06:59:33.404] Datanode #162 has received a block #2
[27/10/2019 06:59:33.404] Datanode #119 has received a block #8
[27/10/2019 06:59:34.915] Datanode #162 has received a block #2
[27/10/2019 06:59:34.915] Datanode #119 has received a block #8
[27/10/2019 06:59:37.434] Datanode #162 has received a block #2
[27/10/2019 06:59:37.435] Datanode #119 has received a block #8
[27/10/2019 06:59:38.945] Datanode #162 has received a block #2
[27/10/2019 06:59:38.946] Datanode #119 has received a block #8
[27/10/2019 06:59:41.458] Datanode #162 has received a block #2
[27/10/2019 06:59:41.458] Datanode #119 has received a block #8
[27/10/2019 06:59:42.969] Datanode #119 has received a block #8
[27/10/2019 06:59:42.970] Datanode #162 has received a block #2
[27/10/2019 06:59:45.482] Datanode #119 has received a block #8
[27/10/2019 06:59:45.482] Datanode #162 has received a block #2
[27/10/2019 06:59:46.993] Datanode #119 has received a block #8
[27/10/2019 06:59:46.993] Datanode #162 has received a block #2
[27/10/2019 06:59:49.505] Datanode #119 has received a block #8
[27/10/2019 06:59:49.505] Datanode #162 has received a block #2
[27/10/2019 06:59:51.009] Datanode #119 has received a block #8
[27/10/2019 06:59:51.010] Datanode #162 has received a block #2
[27/10/2019 06:59:53.528] Datanode #119 has received a block #8
[27/10/2019 06:59:53.529] Datanode #162 has received a block #2
[27/10/2019 06:59:55.034] Datanode #119 has received a block #8
[27/10/2019 06:59:55.034] Datanode #162 has received a block #2
[27/10/2019 06:59:57.552] Datanode #162 has received a block #2
[27/10/2019 06:59:57.552] Datanode #119 has received a block #8
[27/10/2019 06:59:59.061] Datanode #162 has received a block #2
[27/10/2019 06:59:59.061] Datanode #119 has received a block #8
[27/10/2019 07:00:01.577] Datanode #119 has received a block #8
[27/10/2019 07:00:01.577] Datanode #162 has received a block #2
[27/10/2019 07:00:03.086] Datanode #119 has received a block #8
[27/10/2019 07:00:03.086] Datanode #162 has received a block #2
[27/10/2019 07:00:05.600] Datanode #162 has received a block #2
[27/10/2019 07:00:05.601] Datanode #119 has received a block #8
[27/10/2019 07:00:07.104] Datanode #162 has received a block #2
[27/10/2019 07:00:07.105] Datanode #119 has received a block #8
[27/10/2019 07:00:09.619] Datanode #162 has received a block #2
[27/10/2019 07:00:09.620] Datanode #119 has received a block #8
[27/10/2019 07:00:10.628] Datanode #162 has received a block #2
[27/10/2019 07:00:10.629] Datanode #119 has received a block #8
[27/10/2019 07:00:13.146] Datanode #119 has received a block #8
[27/10/2019 07:00:13.147] Datanode #162 has received a block #2
[27/10/2019 07:00:15.660] Datanode #162 has received a block #2
[27/10/2019 07:00:15.660] Datanode #119 has received a block #8
[27/10/2019 07:00:17.171] Datanode #119 has received a block #8
[27/10/2019 07:00:17.171] Datanode #162 has received a block #2
[27/10/2019 07:00:19.689] Datanode #162 has received a block #2
[27/10/2019 07:00:19.690] Datanode #119 has received a block #8
[27/10/2019 07:00:21.196] Datanode #119 has received a block #8
[27/10/2019 07:00:21.197] Datanode #162 has received a block #2
[27/10/2019 07:00:23.702] Datanode #162 has received a block #2
[27/10/2019 07:00:23.703] Datanode #119 has received a block #8
[27/10/2019 07:00:25.213] Datanode #162 has received a block #2
[27/10/2019 07:00:25.214] Datanode #119 has received a block #8
[27/10/2019 07:00:27.737] Datanode #119 has received a block #8
[27/10/2019 07:00:27.737] Datanode #162 has received a block #2
[27/10/2019 07:00:29.249] Datanode #162 has received a block #2
[27/10/2019 07:00:29.249] Datanode #119 has received a block #8
[27/10/2019 07:00:31.769] Datanode #162 has received a block #2
[27/10/2019 07:00:31.770] Datanode #119 has received a block #8
[27/10/2019 07:00:33.282] Datanode #162 has received a block #2
[27/10/2019 07:00:33.283] Datanode #119 has received a block #8
[27/10/2019 07:00:35.795] Datanode #119 has received a block #8
[27/10/2019 07:00:35.795] Datanode #162 has received a block #2
[27/10/2019 07:00:37.307] Datanode #162 has received a block #2
[27/10/2019 07:00:37.307] Datanode #119 has received a block #8
[27/10/2019 07:00:39.820] Datanode #162 has received a block #2
[27/10/2019 07:00:39.820] Datanode #119 has received a block #8
[27/10/2019 07:00:41.332] Datanode #119 has received a block #8
[27/10/2019 07:00:41.332] Datanode #162 has received a block #2
[27/10/2019 07:00:43.848] Datanode #119 has received a block #8
[27/10/2019 07:00:43.849] Datanode #162 has received a block #2
[27/10/2019 07:00:45.355] Datanode #162 has received a block #2
[27/10/2019 07:00:45.356] Datanode #119 has received a block #8
[27/10/2019 07:00:47.871] Datanode #162 has received a block #2
[27/10/2019 07:00:47.872] Datanode #119 has received a block #8
[27/10/2019 07:00:49.382] Datanode #162 has received a block #2
[27/10/2019 07:00:49.383] Datanode #119 has received a block #8
[27/10/2019 07:00:51.902] Datanode #162 has received a block #2
[27/10/2019 07:00:51.903] Datanode #119 has received a block #8
[27/10/2019 07:00:53.411] Datanode #162 has received a block #2
[27/10/2019 07:00:53.412] Datanode #119 has received a block #8
[27/10/2019 07:00:55.936] Datanode #119 has received a block #8
[27/10/2019 07:00:55.937] Datanode #162 has received a block #2
[27/10/2019 07:00:57.442] Datanode #162 has received a block #2
[27/10/2019 07:00:57.442] Datanode #119 has received a block #8
[27/10/2019 07:00:59.954] Datanode #119 has received a block #8
[27/10/2019 07:00:59.954] Datanode #162 has received a block #2
[27/10/2019 07:01:01.465] Datanode #119 has received a block #8
[27/10/2019 07:01:01.466] Datanode #162 has received a block #2
[27/10/2019 07:01:03.979] Datanode #119 has received a block #8
[27/10/2019 07:01:03.979] Datanode #162 has received a block #2
[27/10/2019 07:01:05.487] Datanode #119 has received a block #8
[27/10/2019 07:01:05.487] Datanode #162 has received a block #2
[27/10/2019 07:01:08.007] Datanode #119 has received a block #8
[27/10/2019 07:01:08.008] Datanode #162 has received a block #2
[27/10/2019 07:01:09.514] Datanode #162 has received a block #2
[27/10/2019 07:01:09.515] Datanode #119 has received a block #8
[27/10/2019 07:01:12.031] Datanode #162 has received a block #2
[27/10/2019 07:01:12.031] Datanode #119 has received a block #8
[27/10/2019 07:01:13.538] Datanode #119 has received a block #8
[27/10/2019 07:01:13.538] Datanode #162 has received a block #2
[27/10/2019 07:01:16.055] Datanode #162 has received a block #2
[27/10/2019 07:01:16.055] Datanode #119 has received a block #8
[27/10/2019 07:01:17.562] Datanode #162 has received a block #2
[27/10/2019 07:01:17.562] Datanode #119 has received a block #8
[27/10/2019 07:01:20.070] Datanode #162 has received a block #2
[27/10/2019 07:01:20.071] Datanode #119 has received a block #8
[27/10/2019 07:01:21.578] Datanode #162 has received a block #2
[27/10/2019 07:01:21.579] Datanode #119 has received a block #8
[27/10/2019 07:01:24.091] Datanode #162 has received a block #2
[27/10/2019 07:01:24.092] Datanode #119 has received a block #8
[27/10/2019 07:01:25.601] Datanode #162 has received a block #2
[27/10/2019 07:01:25.602] Datanode #119 has received a block #8
[27/10/2019 07:01:28.124] Datanode #162 has received a block #2
[27/10/2019 07:01:28.125] Datanode #119 has received a block #8
[27/10/2019 07:01:29.638] Datanode #162 has received a block #2
[27/10/2019 07:01:29.638] Datanode #119 has received a block #8
[27/10/2019 07:01:32.154] Datanode #162 has received a block #2
[27/10/2019 07:01:32.154] Datanode #119 has received a block #8
[27/10/2019 07:01:33.663] Datanode #162 has received a block #2
[27/10/2019 07:01:33.663] Datanode #119 has received a block #8
[27/10/2019 07:01:36.178] Datanode #162 has received a block #2
[27/10/2019 07:01:36.178] Datanode #119 has received a block #8
[27/10/2019 07:01:37.688] Datanode #162 has received a block #2
[27/10/2019 07:01:37.689] Datanode #119 has received a block #8
[27/10/2019 07:01:40.207] Datanode #162 has received a block #2
[27/10/2019 07:01:40.208] Datanode #119 has received a block #8
[27/10/2019 07:01:41.715] Datanode #162 has received a block #2
[27/10/2019 07:01:41.716] Datanode #119 has received a block #8
[27/10/2019 07:01:44.238] Datanode #119 has received a block #8
[27/10/2019 07:01:44.238] Datanode #162 has received a block #2
[27/10/2019 07:01:45.747] Datanode #162 has received a block #2
[27/10/2019 07:01:45.748] Datanode #119 has received a block #8
[27/10/2019 07:01:48.265] Datanode #162 has received a block #2
[27/10/2019 07:01:48.266] Datanode #119 has received a block #8
[27/10/2019 07:01:49.778] Datanode #162 has received a block #2
[27/10/2019 07:01:49.779] Datanode #119 has received a block #8
[27/10/2019 07:01:52.302] Datanode #162 has received a block #2
[27/10/2019 07:01:52.302] Datanode #119 has received a block #8
[27/10/2019 07:01:53.808] Datanode #119 has received a block #8
[27/10/2019 07:01:53.809] Datanode #162 has received a block #2
[27/10/2019 07:01:56.325] Datanode #162 has received a block #2
[27/10/2019 07:01:56.326] Datanode #119 has received a block #8
[27/10/2019 07:01:57.832] Datanode #119 has received a block #8
[27/10/2019 07:01:57.833] Datanode #162 has received a block #2
[27/10/2019 07:02:00.353] Datanode #119 has received a block #8
[27/10/2019 07:02:00.354] Datanode #162 has received a block #2
[27/10/2019 07:02:02.365] Datanode #119 has received a block #8
[27/10/2019 07:02:02.365] Datanode #162 has received a block #2
[27/10/2019 07:02:03.872] Datanode #119 has received a block #8
[27/10/2019 07:02:03.872] Datanode #162 has received a block #2
[27/10/2019 07:02:06.391] Datanode #119 has received a block #8
[27/10/2019 07:02:06.391] Datanode #162 has received a block #2
[27/10/2019 07:02:07.902] Datanode #162 has received a block #2
[27/10/2019 07:02:07.903] Datanode #119 has received a block #8
[27/10/2019 07:02:10.423] Datanode #119 has received a block #8
[27/10/2019 07:02:10.424] Datanode #162 has received a block #2
[27/10/2019 07:02:11.935] Datanode #162 has received a block #2
[27/10/2019 07:02:11.935] Datanode #119 has received a block #8
[27/10/2019 07:02:14.454] Datanode #119 has received a block #8
[27/10/2019 07:02:14.454] Datanode #162 has received a block #2
[27/10/2019 07:02:15.966] Datanode #119 has received a block #8
[27/10/2019 07:02:15.967] Datanode #162 has received a block #2
[27/10/2019 07:02:18.478] Datanode #162 has received a block #2
[27/10/2019 07:02:18.478] Datanode #119 has received a block #8
[27/10/2019 07:02:19.992] Datanode #119 has received a block #8
[27/10/2019 07:02:19.992] Datanode #162 has received a block #2
[27/10/2019 07:02:22.507] Datanode #162 has received a block #2
[27/10/2019 07:02:22.507] Datanode #119 has received a block #8
[27/10/2019 07:02:24.011] Datanode #162 has received a block #2
[27/10/2019 07:02:24.012] Datanode #119 has received a block #8
[27/10/2019 07:02:26.524] Datanode #119 has received a block #8
[27/10/2019 07:02:26.524] Datanode #162 has received a block #2
[27/10/2019 07:02:28.035] Datanode #162 has received a block #2
[27/10/2019 07:02:28.036] Datanode #119 has received a block #8
[27/10/2019 07:02:30.560] Datanode #162 has received a block #2
[27/10/2019 07:02:30.561] Datanode #119 has received a block #8
[27/10/2019 07:02:32.067] Datanode #119 has received a block #8
[27/10/2019 07:02:32.067] Datanode #162 has received a block #2
[27/10/2019 07:02:34.578] Datanode #119 has received a block #8
[27/10/2019 07:02:34.578] Datanode #162 has received a block #2
[27/10/2019 07:02:36.089] Datanode #162 has received a block #2
[27/10/2019 07:02:36.089] Datanode #119 has received a block #8
[27/10/2019 07:02:38.597] Datanode #119 has received a block #8
[27/10/2019 07:02:38.598] Datanode #162 has received a block #2
[27/10/2019 07:02:40.107] Datanode #119 has received a block #8
[27/10/2019 07:02:40.108] Datanode #162 has received a block #2
[27/10/2019 07:02:42.625] Datanode #119 has received a block #8
[27/10/2019 07:02:42.625] Datanode #162 has received a block #2
[27/10/2019 07:02:44.134] Datanode #119 has received a block #8
[27/10/2019 07:02:44.135] Datanode #162 has received a block #2
[27/10/2019 07:02:46.655] Datanode #119 has received a block #8
[27/10/2019 07:02:46.655] Datanode #162 has received a block #2
[27/10/2019 07:02:48.167] Datanode #119 has received a block #8
[27/10/2019 07:02:48.167] Datanode #162 has received a block #2
[27/10/2019 07:02:50.689] Datanode #119 has received a block #8
[27/10/2019 07:02:50.690] Datanode #162 has received a block #2
[27/10/2019 07:02:52.198] Datanode #119 has received a block #8
[27/10/2019 07:02:52.198] Datanode #162 has received a block #2
[27/10/2019 07:02:54.713] Datanode #119 has received a block #8
[27/10/2019 07:02:54.713] Datanode #162 has received a block #2
[27/10/2019 07:02:56.224] Datanode #162 has received a block #2
[27/10/2019 07:02:56.225] Datanode #119 has received a block #8
[27/10/2019 07:02:58.738] Datanode #119 has received a block #8
[27/10/2019 07:02:58.738] Datanode #162 has received a block #2
[27/10/2019 07:03:00.250] Datanode #162 has received a block #2
[27/10/2019 07:03:00.250] Datanode #119 has received a block #8
[27/10/2019 07:03:02.765] Datanode #162 has received a block #2
[27/10/2019 07:03:02.765] Datanode #119 has received a block #8
[27/10/2019 07:03:04.273] Datanode #162 has received a block #2
[27/10/2019 07:03:04.274] Datanode #119 has received a block #8
[27/10/2019 07:03:06.789] Datanode #119 has received a block #8
[27/10/2019 07:03:06.789] Datanode #162 has received a block #2
[27/10/2019 07:03:08.297] Datanode #119 has received a block #8
[27/10/2019 07:03:08.298] Datanode #162 has received a block #2
[27/10/2019 07:03:10.814] Datanode #119 has received a block #8
[27/10/2019 07:03:10.814] Datanode #162 has received a block #2
[27/10/2019 07:03:12.326] Datanode #119 has received a block #8
[27/10/2019 07:03:12.326] Datanode #162 has received a block #2
[27/10/2019 07:03:14.844] Datanode #162 has received a block #2
[27/10/2019 07:03:14.844] Datanode #119 has received a block #8
[27/10/2019 07:03:16.355] Datanode #162 has received a block #2
[27/10/2019 07:03:16.355] Datanode #119 has received a block #8
[27/10/2019 07:03:18.878] Datanode #162 has received a block #2
[27/10/2019 07:03:18.878] Datanode #119 has received a block #8
[27/10/2019 07:03:20.390] Datanode #162 has received a block #2
[27/10/2019 07:03:20.390] Datanode #119 has received a block #8
[27/10/2019 07:03:22.903] Datanode #119 has received a block #8
[27/10/2019 07:03:22.904] Datanode #162 has received a block #2
[27/10/2019 07:03:24.415] Datanode #119 has received a block #8
[27/10/2019 07:03:24.415] Datanode #162 has received a block #2
[27/10/2019 07:03:26.924] Datanode #119 has received a block #8
[27/10/2019 07:03:26.924] Datanode #162 has received a block #2
[27/10/2019 07:03:28.432] Datanode #119 has received a block #8
[27/10/2019 07:03:28.433] Datanode #162 has received a block #2
[27/10/2019 07:03:30.949] Datanode #119 has received a block #8
[27/10/2019 07:03:30.949] Datanode #162 has received a block #2
[27/10/2019 07:03:32.461] Datanode #119 has received a block #8
[27/10/2019 07:03:32.461] Datanode #162 has received a block #2
[27/10/2019 07:03:34.978] Datanode #162 has received a block #2
[27/10/2019 07:03:34.978] Datanode #119 has received a block #8
[27/10/2019 07:03:36.488] Datanode #119 has received a block #8
[27/10/2019 07:03:36.489] Datanode #162 has received a block #2
[27/10/2019 07:03:39.007] Datanode #162 has received a block #2
[27/10/2019 07:03:39.008] Datanode #119 has received a block #8
[27/10/2019 07:03:40.516] Datanode #162 has received a block #2
[27/10/2019 07:03:40.517] Datanode #119 has received a block #8
[27/10/2019 07:03:43.031] Datanode #162 has received a block #2
[27/10/2019 07:03:43.031] Datanode #119 has received a block #8
[27/10/2019 07:03:44.536] Datanode #119 has received a block #8
[27/10/2019 07:03:44.536] Datanode #162 has received a block #2
[27/10/2019 07:03:47.061] Datanode #162 has received a block #2
[27/10/2019 07:03:47.061] Datanode #119 has received a block #8
[27/10/2019 07:03:48.572] Datanode #162 has received a block #2
[27/10/2019 07:03:48.573] Datanode #119 has received a block #8
[27/10/2019 07:03:51.091] Datanode #119 has received a block #8
[27/10/2019 07:03:51.091] Datanode #162 has received a block #2
[27/10/2019 07:03:52.601] Datanode #162 has received a block #2
[27/10/2019 07:03:52.601] Datanode #119 has received a block #8
[27/10/2019 07:03:54.617] Datanode #119 has received a block #8
[27/10/2019 07:03:54.617] Datanode #162 has received a block #2
[27/10/2019 07:03:57.131] Datanode #119 has received a block #8
[27/10/2019 07:03:57.131] Datanode #162 has received a block #2
[27/10/2019 07:03:58.637] Datanode #119 has received a block #8
[27/10/2019 07:03:58.637] Datanode #162 has received a block #2
[27/10/2019 07:04:01.160] Datanode #119 has received a block #8
[27/10/2019 07:04:01.161] Datanode #162 has received a block #2
[27/10/2019 07:04:02.672] Datanode #162 has received a block #2
[27/10/2019 07:04:02.673] Datanode #119 has received a block #8
[27/10/2019 07:04:05.183] Datanode #119 has received a block #8
[27/10/2019 07:04:05.184] Datanode #162 has received a block #2
[27/10/2019 07:04:06.694] Datanode #119 has received a block #8
[27/10/2019 07:04:06.695] Datanode #162 has received a block #2
[27/10/2019 07:04:09.225] Datanode #162 has received a block #2
[27/10/2019 07:04:09.225] Datanode #119 has received a block #8
[27/10/2019 07:04:10.735] Datanode #119 has received a block #8
[27/10/2019 07:04:10.736] Datanode #162 has received a block #2
[27/10/2019 07:04:13.253] Datanode #162 has received a block #2
[27/10/2019 07:04:13.253] Datanode #119 has received a block #8
[27/10/2019 07:04:14.768] Datanode #119 has received a block #8
[27/10/2019 07:04:14.769] Datanode #162 has received a block #2
[27/10/2019 07:04:17.296] Datanode #162 has received a block #2
[27/10/2019 07:04:17.296] Datanode #119 has received a block #8
[27/10/2019 07:04:18.806] Datanode #162 has received a block #2
[27/10/2019 07:04:18.806] Datanode #119 has received a block #8
[27/10/2019 07:04:21.333] Datanode #162 has received a block #2
[27/10/2019 07:04:21.333] Datanode #119 has received a block #8
[27/10/2019 07:04:22.843] Datanode #162 has received a block #2
[27/10/2019 07:04:22.844] Datanode #119 has received a block #8
[27/10/2019 07:04:25.374] Datanode #119 has received a block #8
[27/10/2019 07:04:25.375] Datanode #162 has received a block #2
[27/10/2019 07:04:26.899] Datanode #119 has received a block #8
[27/10/2019 07:04:26.899] Datanode #162 has received a block #2
[27/10/2019 07:04:29.403] Datanode #119 has received a block #8
[27/10/2019 07:04:29.404] Datanode #162 has received a block #2
[27/10/2019 07:04:30.916] Datanode #119 has received a block #8
[27/10/2019 07:04:30.917] Datanode #162 has received a block #2
[27/10/2019 07:04:33.434] Datanode #162 has received a block #2
[27/10/2019 07:04:33.435] Datanode #119 has received a block #8
[27/10/2019 07:04:35.965] Datanode #119 has received a block #8
[27/10/2019 07:04:35.965] Datanode #162 has received a block #2
[27/10/2019 07:04:37.478] Datanode #119 has received a block #8
[27/10/2019 07:04:37.479] Datanode #162 has received a block #2
[27/10/2019 07:04:40.003] Datanode #162 has received a block #2
[27/10/2019 07:04:40.003] Datanode #119 has received a block #8
[27/10/2019 07:04:41.524] Datanode #162 has received a block #2
[27/10/2019 07:04:41.525] Datanode #119 has received a block #8
[27/10/2019 07:04:44.052] Datanode #119 has received a block #8
[27/10/2019 07:04:44.052] Datanode #162 has received a block #2
[27/10/2019 07:04:45.562] Datanode #119 has received a block #8
[27/10/2019 07:04:45.562] Datanode #162 has received a block #2
[27/10/2019 07:04:48.076] Datanode #162 has received a block #2
[27/10/2019 07:04:48.077] Datanode #119 has received a block #8
[27/10/2019 07:04:49.584] Datanode #119 has received a block #8
[27/10/2019 07:04:49.584] Datanode #162 has received a block #2
[27/10/2019 07:04:52.100] Datanode #119 has received a block #8
[27/10/2019 07:04:52.101] Datanode #162 has received a block #2
[27/10/2019 07:04:53.623] Datanode #119 has received a block #8
[27/10/2019 07:04:53.624] Datanode #162 has received a block #2
[27/10/2019 07:04:56.131] Datanode #162 has received a block #2
[27/10/2019 07:04:56.131] Datanode #119 has received a block #8
[27/10/2019 07:04:57.634] Datanode #162 has received a block #2
[27/10/2019 07:04:57.634] Datanode #119 has received a block #8
[27/10/2019 07:05:00.143] Datanode #162 has received a block #2
[27/10/2019 07:05:00.143] Datanode #119 has received a block #8
[27/10/2019 07:05:01.652] Datanode #162 has received a block #2
[27/10/2019 07:05:01.652] Datanode #119 has received a block #8
[27/10/2019 07:05:04.166] Datanode #119 has received a block #8
[27/10/2019 07:05:04.166] Datanode #162 has received a block #2
[27/10/2019 07:05:05.678] Datanode #162 has received a block #2
[27/10/2019 07:05:05.678] Datanode #119 has received a block #8
[27/10/2019 07:05:08.201] Datanode #162 has received a block #2
[27/10/2019 07:05:08.202] Datanode #119 has received a block #8
[27/10/2019 07:05:09.720] Datanode #162 has received a block #2
[27/10/2019 07:05:09.720] Datanode #119 has received a block #8
[27/10/2019 07:05:12.239] Datanode #119 has received a block #8
[27/10/2019 07:05:12.240] Datanode #162 has received a block #2
[27/10/2019 07:05:13.749] Datanode #119 has received a block #8
[27/10/2019 07:05:13.750] Datanode #162 has received a block #2
[27/10/2019 07:05:16.264] Datanode #119 has received a block #8
[27/10/2019 07:05:16.265] Datanode #162 has received a block #2
[27/10/2019 07:05:17.774] Datanode #119 has received a block #8
[27/10/2019 07:05:17.774] Datanode #162 has received a block #2
[27/10/2019 07:05:20.297] Datanode #162 has received a block #2
[27/10/2019 07:05:20.297] Datanode #119 has received a block #8
[27/10/2019 07:05:21.823] Datanode #119 has received a block #8
[27/10/2019 07:05:21.823] Datanode #162 has received a block #2
[27/10/2019 07:05:23.849] Datanode #119 has received a block #8
[27/10/2019 07:05:23.850] Datanode #162 has received a block #2
[27/10/2019 07:05:26.384] Datanode #119 has received a block #8
[27/10/2019 07:05:26.384] Datanode #162 has received a block #2
[27/10/2019 07:05:27.903] Datanode #162 has received a block #2
[27/10/2019 07:05:27.904] Datanode #119 has received a block #8
[27/10/2019 07:05:30.439] Datanode #162 has received a block #2
[27/10/2019 07:05:30.440] Datanode #119 has received a block #8
[27/10/2019 07:05:31.966] Datanode #119 has received a block #8
[27/10/2019 07:05:31.966] Datanode #162 has received a block #2
[27/10/2019 07:05:34.495] Datanode #119 has received a block #8
[27/10/2019 07:05:34.495] Datanode #162 has received a block #2
[27/10/2019 07:05:36.011] Datanode #119 has received a block #8
[27/10/2019 07:05:36.011] Datanode #162 has received a block #2
[27/10/2019 07:05:38.528] Datanode #162 has received a block #2
[27/10/2019 07:05:38.529] Datanode #119 has received a block #8
[27/10/2019 07:05:40.035] Datanode #119 has received a block #8
[27/10/2019 07:05:40.035] Datanode #162 has received a block #2
[27/10/2019 07:05:42.553] Datanode #162 has received a block #2
[27/10/2019 07:05:42.554] Datanode #119 has received a block #8
[27/10/2019 07:05:44.063] Datanode #162 has received a block #2
[27/10/2019 07:05:44.064] Datanode #119 has received a block #8
[27/10/2019 07:05:46.581] Datanode #119 has received a block #8
[27/10/2019 07:05:46.582] Datanode #162 has received a block #2
[27/10/2019 07:05:48.094] Datanode #119 has received a block #8
[27/10/2019 07:05:48.094] Datanode #162 has received a block #2
[27/10/2019 07:05:50.626] Datanode #162 has received a block #2
[27/10/2019 07:05:50.626] Datanode #119 has received a block #8
[27/10/2019 07:05:52.144] Datanode #162 has received a block #2
[27/10/2019 07:05:52.145] Datanode #119 has received a block #8
[27/10/2019 07:05:54.656] Datanode #119 has received a block #8
[27/10/2019 07:05:54.656] Datanode #162 has received a block #2
[27/10/2019 07:05:56.173] Datanode #119 has received a block #8
[27/10/2019 07:05:56.173] Datanode #162 has received a block #2
[27/10/2019 07:05:58.699] Datanode #119 has received a block #8
[27/10/2019 07:05:58.699] Datanode #162 has received a block #2
[27/10/2019 07:06:00.209] Datanode #119 has received a block #8
[27/10/2019 07:06:00.210] Datanode #162 has received a block #2
[27/10/2019 07:06:02.727] Datanode #162 has received a block #2
[27/10/2019 07:06:02.728] Datanode #119 has received a block #8
[27/10/2019 07:06:04.244] Datanode #119 has received a block #8
[27/10/2019 07:06:04.244] Datanode #162 has received a block #2
[27/10/2019 07:06:06.777] Datanode #162 has received a block #2
[27/10/2019 07:06:06.777] Datanode #119 has received a block #8
[27/10/2019 07:06:08.284] Datanode #119 has received a block #8
[27/10/2019 07:06:08.284] Datanode #162 has received a block #2
[27/10/2019 07:06:10.819] Datanode #162 has received a block #2
[27/10/2019 07:06:10.819] Datanode #119 has received a block #8
[27/10/2019 07:06:12.341] Datanode #162 has received a block #2
[27/10/2019 07:06:12.341] Datanode #119 has received a block #8
[27/10/2019 07:06:14.879] Datanode #119 has received a block #8
[27/10/2019 07:06:14.880] Datanode #162 has received a block #2
[27/10/2019 07:06:16.395] Datanode #162 has received a block #2
[27/10/2019 07:06:16.395] Datanode #119 has received a block #8
[27/10/2019 07:06:18.914] Datanode #162 has received a block #2
[27/10/2019 07:06:18.915] Datanode #119 has received a block #8
[27/10/2019 07:06:20.420] Datanode #162 has received a block #2
[27/10/2019 07:06:20.420] Datanode #119 has received a block #8
[27/10/2019 07:06:22.962] Datanode #162 has received a block #2
[27/10/2019 07:06:22.963] Datanode #119 has received a block #8
[27/10/2019 07:06:24.476] Datanode #162 has received a block #2
[27/10/2019 07:06:24.476] Datanode #119 has received a block #8
[27/10/2019 07:06:26.998] Datanode #119 has received a block #8
[27/10/2019 07:06:26.998] Datanode #162 has received a block #2
[27/10/2019 07:06:28.519] Datanode #119 has received a block #8
[27/10/2019 07:06:28.519] Datanode #162 has received a block #2
[27/10/2019 07:06:31.045] Datanode #119 has received a block #8
[27/10/2019 07:06:31.045] Datanode #162 has received a block #2
[27/10/2019 07:06:32.565] Datanode #162 has received a block #2
[27/10/2019 07:06:32.566] Datanode #119 has received a block #8
[27/10/2019 07:06:35.087] Datanode #119 has received a block #8
[27/10/2019 07:06:35.087] Datanode #162 has received a block #2
[27/10/2019 07:06:36.101] Datanode #162 has received a block #2
[27/10/2019 07:06:36.101] Datanode #119 has received a block #8
[27/10/2019 07:06:38.628] Datanode #119 has received a block #8
[27/10/2019 07:06:38.628] Datanode #162 has received a block #2
[27/10/2019 07:06:41.152] Datanode #162 has received a block #2
[27/10/2019 07:06:41.152] Datanode #119 has received a block #8
[27/10/2019 07:06:42.668] Datanode #162 has received a block #2
[27/10/2019 07:06:42.669] Datanode #119 has received a block #8
[27/10/2019 07:06:45.187] Datanode #119 has received a block #8
[27/10/2019 07:06:45.187] Datanode #162 has received a block #2
[27/10/2019 07:06:46.709] Datanode #119 has received a block #8
[27/10/2019 07:06:46.709] Datanode #162 has received a block #2
[27/10/2019 07:06:49.234] Datanode #119 has received a block #8
[27/10/2019 07:06:49.234] Datanode #162 has received a block #2
[27/10/2019 07:06:50.749] Datanode #162 has received a block #2
[27/10/2019 07:06:50.749] Datanode #119 has received a block #8
[27/10/2019 07:06:53.288] Datanode #119 has received a block #8
[27/10/2019 07:06:53.288] Datanode #162 has received a block #2
[27/10/2019 07:06:54.806] Datanode #119 has received a block #8
[27/10/2019 07:06:54.806] Datanode #162 has received a block #2
[27/10/2019 07:06:57.344] Datanode #119 has received a block #8
[27/10/2019 07:06:57.344] Datanode #162 has received a block #2
[27/10/2019 07:06:58.861] Datanode #119 has received a block #8
[27/10/2019 07:06:58.862] Datanode #162 has received a block #2
[27/10/2019 07:07:01.402] Datanode #162 has received a block #2
[27/10/2019 07:07:01.402] Datanode #119 has received a block #8
[27/10/2019 07:07:02.920] Datanode #162 has received a block #2
[27/10/2019 07:07:02.920] Datanode #119 has received a block #8
[27/10/2019 07:07:05.447] Datanode #119 has received a block #8
[27/10/2019 07:07:05.448] Datanode #162 has received a block #2
[27/10/2019 07:07:06.960] Datanode #119 has received a block #8
[27/10/2019 07:07:06.961] Datanode #162 has received a block #2
[27/10/2019 07:07:09.498] Datanode #119 has received a block #8
[27/10/2019 07:07:09.498] Datanode #162 has received a block #2
[27/10/2019 07:07:11.017] Datanode #119 has received a block #8
[27/10/2019 07:07:11.018] Datanode #162 has received a block #2
[27/10/2019 07:07:13.545] Datanode #119 has received a block #8
[27/10/2019 07:07:13.545] Datanode #162 has received a block #2
[27/10/2019 07:07:15.068] Datanode #119 has received a block #8
[27/10/2019 07:07:15.068] Datanode #162 has received a block #2
[27/10/2019 07:07:17.595] Datanode #162 has received a block #2
[27/10/2019 07:07:17.596] Datanode #119 has received a block #8
[27/10/2019 07:07:19.114] Datanode #119 has received a block #8
[27/10/2019 07:07:19.115] Datanode #162 has received a block #2
[27/10/2019 07:07:21.653] Datanode #119 has received a block #8
[27/10/2019 07:07:21.653] Datanode #162 has received a block #2
[27/10/2019 07:07:23.171] Datanode #162 has received a block #2
[27/10/2019 07:07:23.172] Datanode #119 has received a block #8
[27/10/2019 07:07:25.715] Datanode #119 has received a block #8
[27/10/2019 07:07:25.716] Datanode #162 has received a block #2
[27/10/2019 07:07:27.234] Datanode #162 has received a block #2
[27/10/2019 07:07:27.234] Datanode #119 has received a block #8
[27/10/2019 07:07:29.766] Datanode #119 has received a block #8
[27/10/2019 07:07:29.767] Datanode #162 has received a block #2
[27/10/2019 07:07:31.286] Datanode #162 has received a block #2
[27/10/2019 07:07:31.286] Datanode #119 has received a block #8
[27/10/2019 07:07:33.824] Datanode #119 has received a block #8
[27/10/2019 07:07:33.824] Datanode #162 has received a block #2
[27/10/2019 07:07:35.342] Datanode #119 has received a block #8
[27/10/2019 07:07:35.343] Datanode #162 has received a block #2
[27/10/2019 07:07:37.361] Datanode #162 has received a block #2
[27/10/2019 07:07:37.361] Datanode #119 has received a block #8
[27/10/2019 07:07:39.876] Datanode #162 has received a block #2
[27/10/2019 07:07:39.877] Datanode #119 has received a block #8
[27/10/2019 07:07:41.395] Datanode #162 has received a block #2
[27/10/2019 07:07:41.395] Datanode #119 has received a block #8
[27/10/2019 07:07:43.919] Datanode #119 has received a block #8
[27/10/2019 07:07:43.919] Datanode #162 has received a block #2
[27/10/2019 07:07:45.441] Datanode #119 has received a block #8
[27/10/2019 07:07:45.441] Datanode #162 has received a block #2
[27/10/2019 07:07:47.979] Datanode #162 has received a block #2
[27/10/2019 07:07:47.979] Datanode #119 has received a block #8
[27/10/2019 07:07:49.499] Datanode #162 has received a block #2
[27/10/2019 07:07:49.500] Datanode #119 has received a block #8
[27/10/2019 07:07:52.036] Datanode #119 has received a block #8
[27/10/2019 07:07:52.036] Datanode #162 has received a block #2
[27/10/2019 07:07:53.546] Datanode #119 has received a block #8
[27/10/2019 07:07:53.546] Datanode #162 has received a block #2
[27/10/2019 07:07:56.076] Datanode #119 has received a block #8
[27/10/2019 07:07:56.077] Datanode #162 has received a block #2
[27/10/2019 07:07:57.600] Datanode #119 has received a block #8
[27/10/2019 07:07:57.600] Datanode #162 has received a block #2
[27/10/2019 07:08:00.126] Datanode #162 has received a block #2
[27/10/2019 07:08:00.126] Datanode #119 has received a block #8
[27/10/2019 07:08:01.647] Datanode #119 has received a block #8
[27/10/2019 07:08:01.647] Datanode #162 has received a block #2
[27/10/2019 07:08:04.177] Datanode #119 has received a block #8
[27/10/2019 07:08:04.177] Datanode #162 has received a block #2
[27/10/2019 07:08:06.701] Datanode #119 has received a block #8
[27/10/2019 07:08:06.701] Datanode #162 has received a block #2
[27/10/2019 07:08:08.225] Datanode #162 has received a block #2
[27/10/2019 07:08:08.225] Datanode #119 has received a block #8
[27/10/2019 07:08:10.755] Datanode #162 has received a block #2
[27/10/2019 07:08:10.755] Datanode #119 has received a block #8
[27/10/2019 07:08:12.271] Datanode #162 has received a block #2
[27/10/2019 07:08:12.271] Datanode #119 has received a block #8
[27/10/2019 07:08:14.809] Datanode #162 has received a block #2
[27/10/2019 07:08:14.810] Datanode #119 has received a block #8
[27/10/2019 07:08:16.328] Datanode #162 has received a block #2
[27/10/2019 07:08:16.329] Datanode #119 has received a block #8
[27/10/2019 07:08:18.855] Datanode #162 has received a block #2
[27/10/2019 07:08:18.856] Datanode #119 has received a block #8
[27/10/2019 07:08:20.368] Datanode #162 has received a block #2
[27/10/2019 07:08:20.369] Datanode #119 has received a block #8
[27/10/2019 07:08:22.896] Datanode #162 has received a block #2
[27/10/2019 07:08:22.896] Datanode #119 has received a block #8
[27/10/2019 07:08:24.420] Datanode #162 has received a block #2
[27/10/2019 07:08:24.420] Datanode #119 has received a block #8
[27/10/2019 07:08:26.952] Datanode #162 has received a block #2
[27/10/2019 07:08:26.953] Datanode #119 has received a block #8
[27/10/2019 07:08:28.476] Datanode #119 has received a block #8
[27/10/2019 07:08:28.477] Datanode #162 has received a block #2
[27/10/2019 07:08:31.010] Datanode #162 has received a block #2
[27/10/2019 07:08:31.010] Datanode #119 has received a block #8
[27/10/2019 07:08:32.534] Datanode #119 has received a block #8
[27/10/2019 07:08:32.534] Datanode #162 has received a block #2
[27/10/2019 07:08:34.562] Datanode #119 has received a block #8
[27/10/2019 07:08:34.563] Datanode #162 has received a block #2
[27/10/2019 07:08:37.101] Datanode #119 has received a block #8
[27/10/2019 07:08:37.101] Datanode #162 has received a block #2
[27/10/2019 07:08:38.605] Datanode #162 has received a block #2
[27/10/2019 07:08:38.605] Datanode #119 has received a block #8
[27/10/2019 07:08:41.129] Datanode #162 has received a block #2
[27/10/2019 07:08:41.129] Datanode #119 has received a block #8
[27/10/2019 07:08:42.636] Datanode #162 has received a block #2
[27/10/2019 07:08:42.636] Datanode #119 has received a block #8
[27/10/2019 07:08:45.166] Datanode #119 has received a block #8
[27/10/2019 07:08:45.166] Datanode #162 has received a block #2
[27/10/2019 07:08:46.678] Datanode #119 has received a block #8
[27/10/2019 07:08:46.678] Datanode #162 has received a block #2
[27/10/2019 07:08:49.216] Datanode #162 has received a block #2
[27/10/2019 07:08:49.216] Datanode #119 has received a block #8
[27/10/2019 07:08:50.738] Datanode #119 has received a block #8
[27/10/2019 07:08:50.739] Datanode #162 has received a block #2
[27/10/2019 07:08:53.284] Datanode #162 has received a block #2
[27/10/2019 07:08:53.284] Datanode #119 has received a block #8
[27/10/2019 07:08:54.803] Datanode #162 has received a block #2
[27/10/2019 07:08:54.803] Datanode #119 has received a block #8
[27/10/2019 07:08:57.325] Datanode #162 has received a block #2
[27/10/2019 07:08:57.326] Datanode #119 has received a block #8
[27/10/2019 07:08:58.842] Datanode #162 has received a block #2
[27/10/2019 07:08:58.842] Datanode #119 has received a block #8
[27/10/2019 07:09:01.370] Datanode #162 has received a block #2
[27/10/2019 07:09:01.371] Datanode #119 has received a block #8
[27/10/2019 07:09:02.883] Datanode #162 has received a block #2
[27/10/2019 07:09:02.884] Datanode #119 has received a block #8
[27/10/2019 07:09:05.416] Datanode #119 has received a block #8
[27/10/2019 07:09:05.417] Datanode #162 has received a block #2
[27/10/2019 07:09:06.924] Datanode #162 has received a block #2
[27/10/2019 07:09:06.924] Datanode #119 has received a block #8
[27/10/2019 07:09:09.451] Datanode #119 has received a block #8
[27/10/2019 07:09:09.451] Datanode #162 has received a block #2
[27/10/2019 07:09:10.963] Datanode #119 has received a block #8
[27/10/2019 07:09:10.963] Datanode #162 has received a block #2
[27/10/2019 07:09:13.503] Datanode #119 has received a block #8
[27/10/2019 07:09:13.503] Datanode #162 has received a block #2
[27/10/2019 07:09:15.015] Datanode #162 has received a block #2
[27/10/2019 07:09:15.015] Datanode #119 has received a block #8
[27/10/2019 07:09:17.547] Datanode #119 has received a block #8
[27/10/2019 07:09:17.547] Datanode #162 has received a block #2
[27/10/2019 07:09:19.070] Datanode #162 has received a block #2
[27/10/2019 07:09:19.071] Datanode #119 has received a block #8
[27/10/2019 07:09:21.601] Datanode #119 has received a block #8
[27/10/2019 07:09:21.601] Datanode #162 has received a block #2
[27/10/2019 07:09:23.118] Datanode #162 has received a block #2
[27/10/2019 07:09:23.119] Datanode #119 has received a block #8
[27/10/2019 07:09:25.646] Datanode #162 has received a block #2
[27/10/2019 07:09:25.646] Datanode #119 has received a block #8
[27/10/2019 07:09:27.159] Datanode #162 has received a block #2
[27/10/2019 07:09:27.159] Datanode #119 has received a block #8
[27/10/2019 07:09:29.692] Datanode #119 has received a block #8
[27/10/2019 07:09:29.693] Datanode #162 has received a block #2
[27/10/2019 07:09:31.208] Datanode #119 has received a block #8
[27/10/2019 07:09:31.208] Datanode #162 has received a block #2
[27/10/2019 07:09:33.749] Datanode #162 has received a block #2
[27/10/2019 07:09:33.749] Datanode #119 has received a block #8
[27/10/2019 07:09:35.251] Datanode #119 has received a block #8
[27/10/2019 07:09:35.252] Datanode #162 has received a block #2
[27/10/2019 07:09:37.782] Datanode #162 has received a block #2
[27/10/2019 07:09:37.782] Datanode #119 has received a block #8
[27/10/2019 07:09:39.295] Datanode #119 has received a block #8
[27/10/2019 07:09:39.295] Datanode #162 has received a block #2
[27/10/2019 07:09:41.818] Datanode #162 has received a block #2
[27/10/2019 07:09:41.819] Datanode #119 has received a block #8
[27/10/2019 07:09:43.334] Datanode #162 has received a block #2
[27/10/2019 07:09:43.334] Datanode #119 has received a block #8
[27/10/2019 07:09:45.356] Datanode #162 has received a block #2
[27/10/2019 07:09:45.357] Datanode #119 has received a block #8
[27/10/2019 07:09:47.891] Datanode #162 has received a block #2
[27/10/2019 07:09:47.891] Datanode #119 has received a block #8
[27/10/2019 07:09:49.417] Datanode #119 has received a block #8
[27/10/2019 07:09:49.417] Datanode #162 has received a block #2
[27/10/2019 07:09:51.950] Datanode #119 has received a block #8
[27/10/2019 07:09:51.950] Datanode #162 has received a block #2
[27/10/2019 07:09:53.463] Datanode #162 has received a block #2
[27/10/2019 07:09:53.463] Datanode #119 has received a block #8
[27/10/2019 07:09:55.990] Datanode #162 has received a block #2
[27/10/2019 07:09:55.990] Datanode #119 has received a block #8
[27/10/2019 07:09:57.503] Datanode #162 has received a block #2
[27/10/2019 07:09:57.503] Datanode #119 has received a block #8
[27/10/2019 07:10:00.040] Datanode #119 has received a block #8
[27/10/2019 07:10:00.041] Datanode #162 has received a block #2
[27/10/2019 07:10:01.558] Datanode #119 has received a block #8
[27/10/2019 07:10:01.559] Datanode #162 has received a block #2
[27/10/2019 07:10:04.104] Datanode #162 has received a block #2
[27/10/2019 07:10:04.104] Datanode #119 has received a block #8
[27/10/2019 07:10:05.623] Datanode #119 has received a block #8
[27/10/2019 07:10:05.623] Datanode #162 has received a block #2
[27/10/2019 07:10:08.161] Datanode #162 has received a block #2
[27/10/2019 07:10:08.161] Datanode #119 has received a block #8
[27/10/2019 07:10:09.674] Datanode #162 has received a block #2
[27/10/2019 07:10:09.674] Datanode #119 has received a block #8
[27/10/2019 07:10:12.212] Datanode #162 has received a block #2
[27/10/2019 07:10:12.213] Datanode #119 has received a block #8
[27/10/2019 07:10:13.735] Datanode #162 has received a block #2
[27/10/2019 07:10:13.735] Datanode #119 has received a block #8
[27/10/2019 07:10:16.258] Datanode #119 has received a block #8
[27/10/2019 07:10:16.259] Datanode #162 has received a block #2
[27/10/2019 07:10:17.771] Datanode #162 has received a block #2
[27/10/2019 07:10:17.772] Datanode #119 has received a block #8
[27/10/2019 07:10:20.310] Datanode #162 has received a block #2
[27/10/2019 07:10:20.310] Datanode #119 has received a block #8
[27/10/2019 07:10:21.834] Datanode #119 has received a block #8
[27/10/2019 07:10:21.834] Datanode #162 has received a block #2
[27/10/2019 07:10:24.366] Datanode #119 has received a block #8
[27/10/2019 07:10:24.367] Datanode #162 has received a block #2
[27/10/2019 07:10:25.882] Datanode #162 has received a block #2
[27/10/2019 07:10:25.882] Datanode #119 has received a block #8
[27/10/2019 07:10:28.407] Datanode #162 has received a block #2
[27/10/2019 07:10:28.407] Datanode #119 has received a block #8
[27/10/2019 07:10:29.925] Datanode #119 has received a block #8
[27/10/2019 07:10:29.925] Datanode #162 has received a block #2
[27/10/2019 07:10:32.453] Datanode #162 has received a block #2
[27/10/2019 07:10:32.453] Datanode #119 has received a block #8
[27/10/2019 07:10:33.967] Datanode #162 has received a block #2
[27/10/2019 07:10:33.967] Datanode #119 has received a block #8
[27/10/2019 07:10:36.503] Datanode #119 has received a block #8
[27/10/2019 07:10:36.504] Datanode #162 has received a block #2
[27/10/2019 07:10:38.020] Datanode #162 has received a block #2
[27/10/2019 07:10:38.020] Datanode #119 has received a block #8
[27/10/2019 07:10:40.545] Datanode #119 has received a block #8
[27/10/2019 07:10:40.545] Datanode #162 has received a block #2
[27/10/2019 07:10:42.063] Datanode #119 has received a block #8
[27/10/2019 07:10:42.063] Datanode #162 has received a block #2
[27/10/2019 07:10:44.591] Datanode #119 has received a block #8
[27/10/2019 07:10:44.591] Datanode #162 has received a block #2
[27/10/2019 07:10:46.115] Datanode #162 has received a block #2
[27/10/2019 07:10:46.115] Datanode #119 has received a block #8
[27/10/2019 07:10:48.132] Datanode #119 has received a block #8
[27/10/2019 07:10:48.132] Datanode #162 has received a block #2
[27/10/2019 07:10:50.659] Datanode #119 has received a block #8
[27/10/2019 07:10:50.660] Datanode #162 has received a block #2
[27/10/2019 07:10:52.178] Datanode #119 has received a block #8
[27/10/2019 07:10:52.178] Datanode #162 has received a block #2
[27/10/2019 07:10:54.700] Datanode #119 has received a block #8
[27/10/2019 07:10:54.700] Datanode #162 has received a block #2
[27/10/2019 07:10:56.219] Datanode #162 has received a block #2
[27/10/2019 07:10:56.219] Datanode #119 has received a block #8
[27/10/2019 07:10:58.740] Datanode #119 has received a block #8
[27/10/2019 07:10:58.740] Datanode #162 has received a block #2
[27/10/2019 07:11:00.264] Datanode #162 has received a block #2
[27/10/2019 07:11:00.264] Datanode #119 has received a block #8
[27/10/2019 07:11:02.797] Datanode #119 has received a block #8
[27/10/2019 07:11:02.797] Datanode #162 has received a block #2
[27/10/2019 07:11:04.310] Datanode #119 has received a block #8
[27/10/2019 07:11:04.310] Datanode #162 has received a block #2
[27/10/2019 07:11:06.837] Datanode #119 has received a block #8
[27/10/2019 07:11:06.838] Datanode #162 has received a block #2
[27/10/2019 07:11:08.356] Datanode #162 has received a block #2
[27/10/2019 07:11:08.357] Datanode #119 has received a block #8
[27/10/2019 07:11:10.861] Datanode #162 has received a block #2
[27/10/2019 07:11:10.862] Datanode #119 has received a block #8
[27/10/2019 07:11:13.397] Datanode #119 has received a block #8
[27/10/2019 07:11:13.397] Datanode #162 has received a block #2
[27/10/2019 07:11:14.909] Datanode #162 has received a block #2
[27/10/2019 07:11:14.909] Datanode #119 has received a block #8
[27/10/2019 07:11:17.423] Datanode #162 has received a block #2
[27/10/2019 07:11:17.423] Datanode #119 has received a block #8
[27/10/2019 07:11:18.939] Datanode #162 has received a block #2
[27/10/2019 07:11:18.939] Datanode #119 has received a block #8
[27/10/2019 07:11:21.453] Datanode #119 has received a block #8
[27/10/2019 07:11:21.453] Datanode #162 has received a block #2
[27/10/2019 07:11:22.972] Datanode #119 has received a block #8
[27/10/2019 07:11:22.972] Datanode #162 has received a block #2
[27/10/2019 07:11:25.493] Datanode #162 has received a block #2
[27/10/2019 07:11:25.493] Datanode #119 has received a block #8
[27/10/2019 07:11:27.008] Datanode #162 has received a block #2
[27/10/2019 07:11:27.009] Datanode #119 has received a block #8
[27/10/2019 07:11:29.533] Datanode #162 has received a block #2
[27/10/2019 07:11:29.533] Datanode #119 has received a block #8
[27/10/2019 07:11:31.057] Datanode #119 has received a block #8
[27/10/2019 07:11:31.058] Datanode #162 has received a block #2
[27/10/2019 07:11:33.590] Datanode #119 has received a block #8
[27/10/2019 07:11:33.590] Datanode #162 has received a block #2
[27/10/2019 07:11:35.114] Datanode #119 has received a block #8
[27/10/2019 07:11:35.115] Datanode #162 has received a block #2
[27/10/2019 07:11:37.647] Datanode #119 has received a block #8
[27/10/2019 07:11:37.648] Datanode #162 has received a block #2
[27/10/2019 07:11:39.170] Datanode #162 has received a block #2
[27/10/2019 07:11:39.170] Datanode #119 has received a block #8
[27/10/2019 07:11:41.695] Datanode #119 has received a block #8
[27/10/2019 07:11:41.696] Datanode #162 has received a block #2
[27/10/2019 07:11:43.217] Datanode #119 has received a block #8
[27/10/2019 07:11:43.217] Datanode #162 has received a block #2
[27/10/2019 07:11:45.756] Datanode #119 has received a block #8
[27/10/2019 07:11:45.756] Datanode #162 has received a block #2
[27/10/2019 07:11:47.271] Datanode #119 has received a block #8
[27/10/2019 07:11:47.271] Datanode #162 has received a block #2
[27/10/2019 07:11:49.796] Datanode #162 has received a block #2
[27/10/2019 07:11:49.796] Datanode #119 has received a block #8
[27/10/2019 07:11:51.311] Datanode #162 has received a block #2
[27/10/2019 07:11:51.312] Datanode #119 has received a block #8
[27/10/2019 07:11:53.842] Datanode #119 has received a block #8
[27/10/2019 07:11:53.842] Datanode #162 has received a block #2
[27/10/2019 07:11:55.355] Datanode #119 has received a block #8
[27/10/2019 07:11:55.355] Datanode #162 has received a block #2
[27/10/2019 07:11:57.882] Datanode #119 has received a block #8
[27/10/2019 07:11:57.882] Datanode #162 has received a block #2
[27/10/2019 07:11:59.401] Datanode #119 has received a block #8
[27/10/2019 07:11:59.401] Datanode #162 has received a block #2
[27/10/2019 07:12:01.422] Datanode #119 has received a block #8
[27/10/2019 07:12:01.423] Datanode #162 has received a block #2
[27/10/2019 07:12:03.951] Datanode #162 has received a block #2
[27/10/2019 07:12:03.951] Datanode #119 has received a block #8
[27/10/2019 07:12:05.470] Datanode #119 has received a block #8
[27/10/2019 07:12:05.470] Datanode #162 has received a block #2
[27/10/2019 07:12:07.989] Datanode #162 has received a block #2
[27/10/2019 07:12:07.990] Datanode #119 has received a block #8
[27/10/2019 07:12:09.516] Datanode #119 has received a block #8
[27/10/2019 07:12:09.516] Datanode #162 has received a block #2
[27/10/2019 07:12:12.048] Datanode #162 has received a block #2
[27/10/2019 07:12:12.049] Datanode #119 has received a block #8
[27/10/2019 07:12:13.567] Datanode #119 has received a block #8
[27/10/2019 07:12:13.567] Datanode #162 has received a block #2
[27/10/2019 07:12:16.096] Datanode #119 has received a block #8
[27/10/2019 07:12:16.096] Datanode #162 has received a block #2
[27/10/2019 07:12:17.602] Datanode #162 has received a block #2
[27/10/2019 07:12:17.602] Datanode #119 has received a block #8
[27/10/2019 07:12:20.139] Datanode #162 has received a block #2
[27/10/2019 07:12:20.140] Datanode #119 has received a block #8
[27/10/2019 07:12:21.657] Datanode #119 has received a block #8
[27/10/2019 07:12:21.657] Datanode #162 has received a block #2
[27/10/2019 07:12:24.196] Datanode #162 has received a block #2
[27/10/2019 07:12:24.197] Datanode #119 has received a block #8
[27/10/2019 07:12:25.714] Datanode #162 has received a block #2
[27/10/2019 07:12:25.714] Datanode #119 has received a block #8
[27/10/2019 07:12:28.240] Datanode #162 has received a block #2
[27/10/2019 07:12:28.240] Datanode #119 has received a block #8
[27/10/2019 07:12:29.756] Datanode #119 has received a block #8
[27/10/2019 07:12:29.756] Datanode #162 has received a block #2
[27/10/2019 07:12:32.294] Datanode #162 has received a block #2
[27/10/2019 07:12:32.294] Datanode #119 has received a block #8
[27/10/2019 07:12:33.813] Datanode #162 has received a block #2
[27/10/2019 07:12:33.813] Datanode #119 has received a block #8
[27/10/2019 07:12:36.340] Datanode #119 has received a block #8
[27/10/2019 07:12:36.341] Datanode #162 has received a block #2
[27/10/2019 07:12:37.856] Datanode #119 has received a block #8
[27/10/2019 07:12:37.856] Datanode #162 has received a block #2
[27/10/2019 07:12:40.392] Datanode #162 has received a block #2
[27/10/2019 07:12:40.392] Datanode #119 has received a block #8
[27/10/2019 07:12:41.909] Datanode #162 has received a block #2
[27/10/2019 07:12:41.909] Datanode #119 has received a block #8
[27/10/2019 07:12:44.450] Datanode #119 has received a block #8
[27/10/2019 07:12:44.450] Datanode #162 has received a block #2
[27/10/2019 07:12:45.967] Datanode #162 has received a block #2
[27/10/2019 07:12:45.968] Datanode #119 has received a block #8
[27/10/2019 07:12:48.489] Datanode #119 has received a block #8
[27/10/2019 07:12:48.489] Datanode #162 has received a block #2
[27/10/2019 07:12:50.005] Datanode #162 has received a block #2
[27/10/2019 07:12:50.005] Datanode #119 has received a block #8
[27/10/2019 07:12:52.535] Datanode #119 has received a block #8
[27/10/2019 07:12:52.535] Datanode #162 has received a block #2
[27/10/2019 07:12:54.046] Datanode #119 has received a block #8
[27/10/2019 07:12:54.046] Datanode #162 has received a block #2
[27/10/2019 07:12:56.570] Datanode #162 has received a block #2
[27/10/2019 07:12:56.570] Datanode #119 has received a block #8
[27/10/2019 07:12:58.087] Datanode #119 has received a block #8
[27/10/2019 07:12:58.087] Datanode #162 has received a block #2
[27/10/2019 07:13:00.626] Datanode #119 has received a block #8
[27/10/2019 07:13:00.626] Datanode #162 has received a block #2
[27/10/2019 07:13:02.644] Datanode #162 has received a block #2
[27/10/2019 07:13:02.644] Datanode #119 has received a block #8
[27/10/2019 07:13:04.167] Datanode #162 has received a block #2
[27/10/2019 07:13:04.168] Datanode #119 has received a block #8
[27/10/2019 07:13:06.696] Datanode #119 has received a block #8
[27/10/2019 07:13:06.696] Datanode #162 has received a block #2
[27/10/2019 07:13:08.214] Datanode #162 has received a block #2
[27/10/2019 07:13:08.214] Datanode #119 has received a block #8
[27/10/2019 07:13:10.753] Datanode #119 has received a block #8
[27/10/2019 07:13:10.753] Datanode #162 has received a block #2
[27/10/2019 07:13:12.271] Datanode #162 has received a block #2
[27/10/2019 07:13:12.271] Datanode #119 has received a block #8
[27/10/2019 07:13:14.810] Datanode #162 has received a block #2
[27/10/2019 07:13:14.810] Datanode #119 has received a block #8
[27/10/2019 07:13:16.325] Datanode #162 has received a block #2
[27/10/2019 07:13:16.325] Datanode #119 has received a block #8
[27/10/2019 07:13:18.847] Datanode #119 has received a block #8
[27/10/2019 07:13:18.847] Datanode #162 has received a block #2
[27/10/2019 07:13:20.352] Datanode #119 has received a block #8
[27/10/2019 07:13:20.352] Datanode #162 has received a block #2
[27/10/2019 07:13:22.887] Datanode #119 has received a block #8
[27/10/2019 07:13:22.887] Datanode #162 has received a block #2
[27/10/2019 07:13:24.400] Datanode #162 has received a block #2
[27/10/2019 07:13:24.400] Datanode #119 has received a block #8
[27/10/2019 07:13:26.936] Datanode #162 has received a block #2
[27/10/2019 07:13:26.936] Datanode #119 has received a block #8
[27/10/2019 07:13:28.455] Datanode #162 has received a block #2
[27/10/2019 07:13:28.455] Datanode #119 has received a block #8
[27/10/2019 07:13:30.988] Datanode #119 has received a block #8
[27/10/2019 07:13:30.988] Datanode #162 has received a block #2
[27/10/2019 07:13:32.506] Datanode #119 has received a block #8
[27/10/2019 07:13:32.506] Datanode #162 has received a block #2
[27/10/2019 07:13:35.044] Datanode #162 has received a block #2
[27/10/2019 07:13:35.045] Datanode #119 has received a block #8
[27/10/2019 07:13:36.550] Datanode #162 has received a block #2
[27/10/2019 07:13:36.550] Datanode #119 has received a block #8
[27/10/2019 07:13:39.084] Datanode #119 has received a block #8
[27/10/2019 07:13:39.084] Datanode #162 has received a block #2
[27/10/2019 07:13:40.599] Datanode #162 has received a block #2
[27/10/2019 07:13:40.599] Datanode #119 has received a block #8
[27/10/2019 07:13:43.131] Datanode #119 has received a block #8
[27/10/2019 07:13:43.131] Datanode #162 has received a block #2
[27/10/2019 07:13:44.650] Datanode #162 has received a block #2
[27/10/2019 07:13:44.650] Datanode #119 has received a block #8
[27/10/2019 07:13:47.171] Datanode #119 has received a block #8
[27/10/2019 07:13:47.171] Datanode #162 has received a block #2
[27/10/2019 07:13:48.695] Datanode #119 has received a block #8
[27/10/2019 07:13:48.695] Datanode #162 has received a block #2
[27/10/2019 07:13:51.228] Datanode #162 has received a block #2
[27/10/2019 07:13:51.228] Datanode #119 has received a block #8
[27/10/2019 07:13:52.752] Datanode #162 has received a block #2
[27/10/2019 07:13:52.753] Datanode #119 has received a block #8
[27/10/2019 07:13:55.271] Datanode #119 has received a block #8
[27/10/2019 07:13:55.271] Datanode #162 has received a block #2
[27/10/2019 07:13:56.793] Datanode #119 has received a block #8
[27/10/2019 07:13:56.793] Datanode #162 has received a block #2
[27/10/2019 07:13:59.322] Datanode #162 has received a block #2
[27/10/2019 07:13:59.322] Datanode #119 has received a block #8
[27/10/2019 07:14:00.838] Datanode #119 has received a block #8
[27/10/2019 07:14:00.839] Datanode #162 has received a block #2
[27/10/2019 07:14:02.861] Datanode #162 has received a block #2
[27/10/2019 07:14:02.862] Datanode #119 has received a block #8
[27/10/2019 07:14:05.388] Datanode #162 has received a block #2
[27/10/2019 07:14:05.388] Datanode #119 has received a block #8
[27/10/2019 07:14:07.922] Datanode #119 has received a block #8
[27/10/2019 07:14:07.922] Datanode #162 has received a block #2
[27/10/2019 07:14:09.433] Datanode #162 has received a block #2
[27/10/2019 07:14:09.433] Datanode #119 has received a block #8
[27/10/2019 07:14:11.962] Datanode #119 has received a block #8
[27/10/2019 07:14:11.962] Datanode #162 has received a block #2
[27/10/2019 07:14:13.475] Datanode #119 has received a block #8
[27/10/2019 07:14:13.475] Datanode #162 has received a block #2
[27/10/2019 07:14:16.010] Datanode #119 has received a block #8
[27/10/2019 07:14:16.010] Datanode #162 has received a block #2
[27/10/2019 07:14:17.526] Datanode #119 has received a block #8
[27/10/2019 07:14:17.527] Datanode #162 has received a block #2
[27/10/2019 07:14:20.048] Datanode #119 has received a block #8
[27/10/2019 07:14:20.049] Datanode #162 has received a block #2
[27/10/2019 07:14:21.567] Datanode #119 has received a block #8
[27/10/2019 07:14:21.567] Datanode #162 has received a block #2
[27/10/2019 07:14:24.100] Datanode #119 has received a block #8
[27/10/2019 07:14:24.100] Datanode #162 has received a block #2
[27/10/2019 07:14:25.613] Datanode #162 has received a block #2
[27/10/2019 07:14:25.613] Datanode #119 has received a block #8
[27/10/2019 07:14:28.140] Datanode #119 has received a block #8
[27/10/2019 07:14:28.140] Datanode #162 has received a block #2
[27/10/2019 07:14:29.653] Datanode #119 has received a block #8
[27/10/2019 07:14:29.653] Datanode #162 has received a block #2
[27/10/2019 07:14:32.188] Datanode #162 has received a block #2
[27/10/2019 07:14:32.188] Datanode #119 has received a block #8
[27/10/2019 07:14:33.706] Datanode #119 has received a block #8
[27/10/2019 07:14:33.707] Datanode #162 has received a block #2
[27/10/2019 07:14:36.232] Datanode #119 has received a block #8
[27/10/2019 07:14:36.232] Datanode #162 has received a block #2
[27/10/2019 07:14:37.750] Datanode #162 has received a block #2
[27/10/2019 07:14:37.750] Datanode #119 has received a block #8
[27/10/2019 07:14:40.289] Datanode #119 has received a block #8
[27/10/2019 07:14:40.289] Datanode #162 has received a block #2
[27/10/2019 07:14:41.807] Datanode #162 has received a block #2
[27/10/2019 07:14:41.808] Datanode #119 has received a block #8
[27/10/2019 07:14:44.327] Datanode #119 has received a block #8
[27/10/2019 07:14:44.327] Datanode #162 has received a block #2
[27/10/2019 07:14:45.848] Datanode #162 has received a block #2
[27/10/2019 07:14:45.848] Datanode #119 has received a block #8
[27/10/2019 07:14:48.382] Datanode #119 has received a block #8
[27/10/2019 07:14:48.382] Datanode #162 has received a block #2
[27/10/2019 07:14:49.905] Datanode #162 has received a block #2
[27/10/2019 07:14:49.905] Datanode #119 has received a block #8
[27/10/2019 07:14:52.443] Datanode #162 has received a block #2
[27/10/2019 07:14:52.443] Datanode #119 has received a block #8
[27/10/2019 07:14:53.962] Datanode #162 has received a block #2
[27/10/2019 07:14:53.962] Datanode #119 has received a block #8
[27/10/2019 07:14:56.486] Datanode #162 has received a block #2
[27/10/2019 07:14:56.486] Datanode #119 has received a block #8
[27/10/2019 07:14:57.996] Datanode #119 has received a block #8
[27/10/2019 07:14:57.996] Datanode #162 has received a block #2
[27/10/2019 07:15:00.524] Datanode #162 has received a block #2
[27/10/2019 07:15:00.525] Datanode #119 has received a block #8
[27/10/2019 07:15:02.040] Datanode #119 has received a block #8
[27/10/2019 07:15:02.041] Datanode #162 has received a block #2
[27/10/2019 07:15:04.562] Datanode #119 has received a block #8
[27/10/2019 07:15:04.563] Datanode #162 has received a block #2
[27/10/2019 07:15:05.580] Datanode #119 has received a block #8
[27/10/2019 07:15:05.581] Datanode #162 has received a block #2
[27/10/2019 07:15:08.111] Datanode #162 has received a block #2
[27/10/2019 07:15:08.111] Datanode #119 has received a block #8
[27/10/2019 07:15:10.645] Datanode #119 has received a block #8
[27/10/2019 07:15:10.646] Datanode #162 has received a block #2
[27/10/2019 07:15:12.163] Datanode #119 has received a block #8
[27/10/2019 07:15:12.163] Datanode #162 has received a block #2
[27/10/2019 07:15:14.694] Datanode #119 has received a block #8
[27/10/2019 07:15:14.694] Datanode #162 has received a block #2
[27/10/2019 07:15:16.205] Datanode #162 has received a block #2
[27/10/2019 07:15:16.205] Datanode #119 has received a block #8
[27/10/2019 07:15:18.730] Datanode #162 has received a block #2
[27/10/2019 07:15:18.730] Datanode #119 has received a block #8
[27/10/2019 07:15:20.249] Datanode #162 has received a block #2
[27/10/2019 07:15:20.249] Datanode #119 has received a block #8
[27/10/2019 07:15:22.782] Datanode #119 has received a block #8
[27/10/2019 07:15:22.783] Datanode #162 has received a block #2
[27/10/2019 07:15:24.297] Datanode #119 has received a block #8
[27/10/2019 07:15:24.297] Datanode #162 has received a block #2
[27/10/2019 07:15:26.825] Datanode #119 has received a block #8
[27/10/2019 07:15:26.825] Datanode #162 has received a block #2
[27/10/2019 07:15:28.346] Datanode #162 has received a block #2
[27/10/2019 07:15:28.346] Datanode #119 has received a block #8
[27/10/2019 07:15:30.873] Datanode #162 has received a block #2
[27/10/2019 07:15:30.874] Datanode #119 has received a block #8
[27/10/2019 07:15:32.392] Datanode #162 has received a block #2
[27/10/2019 07:15:32.392] Datanode #119 has received a block #8
[27/10/2019 07:15:34.924] Datanode #119 has received a block #8
[27/10/2019 07:15:34.924] Datanode #162 has received a block #2
[27/10/2019 07:15:36.442] Datanode #162 has received a block #2
[27/10/2019 07:15:36.442] Datanode #119 has received a block #8
[27/10/2019 07:15:38.978] Datanode #119 has received a block #8
[27/10/2019 07:15:38.979] Datanode #162 has received a block #2
[27/10/2019 07:15:40.484] Datanode #162 has received a block #2
[27/10/2019 07:15:40.484] Datanode #119 has received a block #8
[27/10/2019 07:15:43.005] Datanode #162 has received a block #2
[27/10/2019 07:15:43.005] Datanode #119 has received a block #8
[27/10/2019 07:15:44.521] Datanode #119 has received a block #8
[27/10/2019 07:15:44.521] Datanode #162 has received a block #2
[27/10/2019 07:15:47.062] Datanode #119 has received a block #8
[27/10/2019 07:15:47.063] Datanode #162 has received a block #2
[27/10/2019 07:15:48.580] Datanode #162 has received a block #2
[27/10/2019 07:15:48.580] Datanode #119 has received a block #8
[27/10/2019 07:15:51.108] Datanode #162 has received a block #2
[27/10/2019 07:15:51.109] Datanode #119 has received a block #8
[27/10/2019 07:15:52.627] Datanode #119 has received a block #8
[27/10/2019 07:15:52.628] Datanode #162 has received a block #2
[27/10/2019 07:15:55.162] Datanode #162 has received a block #2
[27/10/2019 07:15:55.162] Datanode #119 has received a block #8
[27/10/2019 07:15:56.677] Datanode #119 has received a block #8
[27/10/2019 07:15:56.678] Datanode #162 has received a block #2
[27/10/2019 07:15:59.198] Datanode #119 has received a block #8
[27/10/2019 07:15:59.198] Datanode #162 has received a block #2
[27/10/2019 07:16:00.719] Datanode #119 has received a block #8
[27/10/2019 07:16:00.719] Datanode #162 has received a block #2
[27/10/2019 07:16:03.257] Datanode #162 has received a block #2
[27/10/2019 07:16:03.257] Datanode #119 has received a block #8
[27/10/2019 07:16:04.768] Datanode #119 has received a block #8
[27/10/2019 07:16:04.768] Datanode #162 has received a block #2
[27/10/2019 07:16:07.301] Datanode #162 has received a block #2
[27/10/2019 07:16:07.302] Datanode #119 has received a block #8
[27/10/2019 07:16:08.821] Datanode #119 has received a block #8
[27/10/2019 07:16:08.821] Datanode #162 has received a block #2
[27/10/2019 07:16:10.841] Datanode #119 has received a block #8
[27/10/2019 07:16:10.841] Datanode #162 has received a block #2
[27/10/2019 07:16:13.365] Datanode #119 has received a block #8
[27/10/2019 07:16:13.366] Datanode #162 has received a block #2
[27/10/2019 07:16:14.885] Datanode #119 has received a block #8
[27/10/2019 07:16:14.885] Datanode #162 has received a block #2
[27/10/2019 07:16:17.423] Datanode #119 has received a block #8
[27/10/2019 07:16:17.424] Datanode #162 has received a block #2
[27/10/2019 07:16:18.940] Datanode #119 has received a block #8
[27/10/2019 07:16:18.941] Datanode #162 has received a block #2
MTTR: 0.0DURABILITY: 1.0